E:\Visual Studio\IDE\MSBuild\Microsoft\VC\v170\Microsoft.CppBuild.targets(531,5): warning MSB8028: The intermediate directory (x64\Debug\) contains files shared from another project (Projecttask5revised.vcxproj).  This can lead to incorrect clean and rebuild behavior.
  File_Manager.c
C:\Users\iftek\Documents\GitHub\Autonomous-Electrical-Delivery-Vans\Projecttask5\Projecttask5\File_Manager.h(29,1): warning C4005: 'NUL': macro redefinition
  (compiling source file 'File_Manager.c')
  C:\Users\iftek\Documents\GitHub\Autonomous-Electrical-Delivery-Vans\Projecttask5\Projecttask5\General.h(30,1):
  see previous definition of 'NUL'
  
C:\Users\iftek\Documents\GitHub\Autonomous-Electrical-Delivery-Vans\Projecttask5\Projecttask5\File_Manager.c(639,6): warning C4101: 'time': unreferenced local variable
C:\Users\iftek\Documents\GitHub\Autonomous-Electrical-Delivery-Vans\Projecttask5\Projecttask5\File_Manager.c(718,8): warning C4133: '=': incompatible types - from 'aedv *' to 'aedvs *'
  Main.c
C:\Users\iftek\Documents\GitHub\Autonomous-Electrical-Delivery-Vans\Projecttask5\Projecttask5\File_Manager.h(29,1): warning C4005: 'NUL': macro redefinition
  (compiling source file 'Main.c')
  C:\Users\iftek\Documents\GitHub\Autonomous-Electrical-Delivery-Vans\Projecttask5\Projecttask5\General.h(30,1):
  see previous definition of 'NUL'
  
  UI_Manager.c
C:\Users\iftek\Documents\GitHub\Autonomous-Electrical-Delivery-Vans\Projecttask5\Projecttask5\File_Manager.h(29,1): warning C4005: 'NUL': macro redefinition
  (compiling source file 'UI_Manager.c')
  C:\Users\iftek\Documents\GitHub\Autonomous-Electrical-Delivery-Vans\Projecttask5\Projecttask5\General.h(30,1):
  see previous definition of 'NUL'
  
C:\Users\iftek\Documents\GitHub\Autonomous-Electrical-Delivery-Vans\Projecttask5\Projecttask5\UI_Manager.c(89,12): warning C4098: 'take_user_input': 'void' function returning a value
C:\Users\iftek\Documents\GitHub\Autonomous-Electrical-Delivery-Vans\Projecttask5\Projecttask5\UI_Manager.c(85,6): warning C4101: 'i': unreferenced local variable
C:\Users\iftek\Documents\GitHub\Autonomous-Electrical-Delivery-Vans\Projecttask5\Projecttask5\UI_Manager.c(253,18): warning C4133: '=': incompatible types - from 'aedv *' to 'aedvs *'
C:\Users\iftek\Documents\GitHub\Autonomous-Electrical-Delivery-Vans\Projecttask5\Projecttask5\UI_Manager.c(265,16): warning C4133: '=': incompatible types - from 'aedv *' to 'aedvs *'
C:\Users\iftek\Documents\GitHub\Autonomous-Electrical-Delivery-Vans\Projecttask5\Projecttask5\UI_Manager.c(478,12): warning C4244: '=': conversion from 'double' to 'int', possible loss of data
C:\Users\iftek\Documents\GitHub\Autonomous-Electrical-Delivery-Vans\Projecttask5\Projecttask5\UI_Manager.c(482,11): warning C4244: '=': conversion from 'double' to 'int', possible loss of data
C:\Users\iftek\Documents\GitHub\Autonomous-Electrical-Delivery-Vans\Projecttask5\Projecttask5\UI_Manager.c(486,16): warning C4133: '=': incompatible types - from 'aedv *' to 'aedvs *'
C:\Users\iftek\Documents\GitHub\Autonomous-Electrical-Delivery-Vans\Projecttask5\Projecttask5\UI_Manager.c(501,16): warning C4133: '=': incompatible types - from 'aedv *' to 'aedvs *'
C:\Users\iftek\Documents\GitHub\Autonomous-Electrical-Delivery-Vans\Projecttask5\Projecttask5\UI_Manager.c(503,13): warning C4133: '=': incompatible types - from 'aedv *' to 'aedvs *'
  Generating Code...
  Projecttask5revised.vcxproj -> C:\Users\iftek\Documents\GitHub\Autonomous-Electrical-Delivery-Vans\Projecttask5\Projecttask5\x64\Debug\ProjectTask6.exe
