e:\fall 2023\eced 3401 systems analysis\aedv project\task6\x64\debug\vc143.pdb
e:\fall 2023\eced 3401 systems analysis\aedv project\task6\x64\debug\vc143.idb
e:\fall 2023\eced 3401 systems analysis\aedv project\task6\x64\debug\ui_manager.obj
e:\fall 2023\eced 3401 systems analysis\aedv project\task6\x64\debug\map.obj
e:\fall 2023\eced 3401 systems analysis\aedv project\task6\x64\debug\main.obj
e:\fall 2023\eced 3401 systems analysis\aedv project\task6\x64\debug\file_manager.obj
e:\fall 2023\eced 3401 systems analysis\aedv project\task6\x64\debug\aedv_functions.obj
e:\fall 2023\eced 3401 systems analysis\aedv project\task6\x64\debug\aedv.obj
e:\fall 2023\eced 3401 systems analysis\aedv project\task6\x64\debug\customer.obj
e:\fall 2023\eced 3401 systems analysis\aedv project\task6\x64\debug\delivery.obj
c:\users\iftek\documents\github\autonomous-electrical-delivery-vans\task6\x64\debug\vc143.pdb
c:\users\iftek\documents\github\autonomous-electrical-delivery-vans\task6\x64\debug\vc143.idb
c:\users\iftek\documents\github\autonomous-electrical-delivery-vans\task6\x64\debug\ui_manager.obj
c:\users\iftek\documents\github\autonomous-electrical-delivery-vans\task6\x64\debug\map.obj
c:\users\iftek\documents\github\autonomous-electrical-delivery-vans\task6\x64\debug\main.obj
c:\users\iftek\documents\github\autonomous-electrical-delivery-vans\task6\x64\debug\delivery.obj
c:\users\iftek\documents\github\autonomous-electrical-delivery-vans\task6\x64\debug\customer.obj
c:\users\iftek\documents\github\autonomous-electrical-delivery-vans\task6\x64\debug\aedv_functions.obj
c:\users\iftek\documents\github\autonomous-electrical-delivery-vans\task6\x64\debug\aedv.obj
c:\users\iftek\documents\github\autonomous-electrical-delivery-vans\task6\x64\debug\aedv_filemanager.obj
e:\fall 2023\eced 3401 systems analysis\aedv project\task6\x64\debug\task6.exe
e:\fall 2023\eced 3401 systems analysis\aedv project\task6\x64\debug\task6.ilk
e:\fall 2023\eced 3401 systems analysis\aedv project\task6\x64\debug\task6.pdb
c:\users\iftek\documents\github\autonomous-electrical-delivery-vans\task6\x64\debug\customer_file.obj
c:\users\iftek\documents\github\autonomous-electrical-delivery-vans\task6\x64\debug\delivery_file.obj
c:\users\iftek\documents\github\autonomous-electrical-delivery-vans\task6\x64\debug\file_manager.obj
c:\users\iftek\documents\github\autonomous-electrical-delivery-vans\task6\x64\debug\task6.pdb
c:\users\iftek\documents\github\autonomous-electrical-delivery-vans\task6\x64\debug\task6.tlog\cl.command.1.tlog
c:\users\iftek\documents\github\autonomous-electrical-delivery-vans\task6\x64\debug\task6.tlog\cl.items.tlog
c:\users\iftek\documents\github\autonomous-electrical-delivery-vans\task6\x64\debug\task6.tlog\cl.read.1.tlog
c:\users\iftek\documents\github\autonomous-electrical-delivery-vans\task6\x64\debug\task6.tlog\cl.write.1.tlog
c:\users\iftek\documents\github\autonomous-electrical-delivery-vans\task6\x64\debug\task6.tlog\link-cvtres.read.1.tlog
c:\users\iftek\documents\github\autonomous-electrical-delivery-vans\task6\x64\debug\task6.tlog\link-cvtres.write.1.tlog
c:\users\iftek\documents\github\autonomous-electrical-delivery-vans\task6\x64\debug\task6.tlog\link-rc.read.1.tlog
c:\users\iftek\documents\github\autonomous-electrical-delivery-vans\task6\x64\debug\task6.tlog\link-rc.write.1.tlog
c:\users\iftek\documents\github\autonomous-electrical-delivery-vans\task6\x64\debug\task6.tlog\link.command.1.tlog
c:\users\iftek\documents\github\autonomous-electrical-delivery-vans\task6\x64\debug\task6.tlog\link.read.1.tlog
c:\users\iftek\documents\github\autonomous-electrical-delivery-vans\task6\x64\debug\task6.tlog\link.read.2.tlog
c:\users\iftek\documents\github\autonomous-electrical-delivery-vans\task6\x64\debug\task6.tlog\link.read.3.tlog
c:\users\iftek\documents\github\autonomous-electrical-delivery-vans\task6\x64\debug\task6.tlog\link.read.4.tlog
c:\users\iftek\documents\github\autonomous-electrical-delivery-vans\task6\x64\debug\task6.tlog\link.read.5.tlog
c:\users\iftek\documents\github\autonomous-electrical-delivery-vans\task6\x64\debug\task6.tlog\link.write.1.tlog
